C51 COMPILER V7.06   SPI                                                                   06/04/2013 19:32:19 PAGE 1   


C51 COMPILER V7.06, COMPILATION OF MODULE SPI
OBJECT MODULE PLACED IN spi.OBJ
COMPILER INVOKED BY: D:\Program Files\keil\C51\BIN\C51.EXE spi.c BROWSE DEBUG OBJECTEXTEND

stmt level    source

   1          #include<reg51.h>
   2          #include<intrins.h>
   3          #include "main.h"
   4          
   5          sbit SCK=P2^4;
   6          sbit SDO=P2^5;
   7          sbit SDI=P2^6;
   8          sbit CS =P2^7;
   9          
  10          #define READ  0x03
  11          #define WRITE 0x02
  12          #define WREN  0x06
  13          #define WRDI  0x04
  14          #define RDSR  0x05
  15          #define WRSR  0x01
  16          
  17          void delay(void)
  18          {
  19   1              _nop_();_nop_();
  20   1              _nop_();_nop_();
  21   1      }
  22          
  23          void init_SPI(void)
  24          {
  25   1              CS=1;
  26   1              delay();
  27   1              SCK=1;
  28   1              delay();
  29   1              SDO=1;
  30   1              delay();
  31   1              SDI=1;
  32   1              delay();
  33   1      }
  34          
  35          uchar SPI_read_byte(void)
  36          {
  37   1              uchar i;
  38   1              uchar dat=0x00;
  39   1              SCK=0;
  40   1              for(i=0;i<8;i++)
  41   1              {
  42   2                      SCK=0;
  43   2                      delay();
  44   2                      SCK=1;
  45   2                      delay();
  46   2                      dat <<= 1;
  47   2                      dat |= (uchar)SDI;
  48   2              }
  49   1              return(dat);
  50   1      }
  51          
  52          void SPI_write_byte(uchar dat)
  53          {
  54   1              uchar i;
  55   1              SCK=0;
C51 COMPILER V7.06   SPI                                                                   06/04/2013 19:32:19 PAGE 2   

  56   1              for(i=0;i<8;i++)
  57   1              {
  58   2                      SDO= (bit)(dat&0x80);
  59   2                      SCK=0;
  60   2                      delay();
  61   2                      SCK=1;
  62   2                      delay();
  63   2                      dat<<=1;
  64   2              }
  65   1      }
  66          
  67          void write_SPI(uchar dat,uchar addr)
  68          {
  69   1              SCK=0;
  70   1              CS=0;
  71   1              delay();
  72   1              SPI_write_byte(WREN);
  73   1              CS=1;
  74   1              delay();
  75   1              CS=0;
  76   1              delay();
  77   1              SPI_write_byte(WRITE);
  78   1              SPI_write_byte(addr);
  79   1              SPI_write_byte(dat);
  80   1              CS=1;
  81   1              SCK=0;
  82   1      }
  83          
  84          uchar read_SPI(uchar addr)
  85          {
  86   1              uchar dat;
  87   1              SCK=0;
  88   1              delay();
  89   1              CS=0;
  90   1              delay();
  91   1              SPI_write_byte(READ);
  92   1              SPI_write_byte(addr);
  93   1              dat=SPI_read_byte();
  94   1              CS=1;
  95   1              delay();
  96   1              SCK=0;
  97   1              delay();
  98   1              return dat;
  99   1      }
 100          
 101          void write_SPI_SR(uchar sReg)
 102          {
 103   1              CS=0;
 104   1              delay();
 105   1              SPI_write_byte(WREN);
 106   1              CS=1;
 107   1              delay();
 108   1              CS=0;
 109   1              delay();
 110   1              SPI_write_byte(WRSR);
 111   1              SPI_write_byte(sReg);
 112   1              CS=1;
 113   1              delay();
 114   1      }
 115          
 116          uchar read_SPI_SR(void)
 117          {
C51 COMPILER V7.06   SPI                                                                   06/04/2013 19:32:19 PAGE 3   

 118   1              uchar sReg=0;
 119   1              CS=0;
 120   1              delay();
 121   1              SPI_write_byte(RDSR);
 122   1              sReg=SPI_read_byte();
 123   1              CS=1;
 124   1              delay();
 125   1              return sReg;
 126   1      }


MODULE INFORMATION:   STATIC OVERLAYABLE
   CODE SIZE        =    188    ----
   CONSTANT SIZE    =   ----    ----
   XDATA SIZE       =   ----    ----
   PDATA SIZE       =   ----    ----
   DATA SIZE        =   ----    ----
   IDATA SIZE       =   ----    ----
   BIT SIZE         =   ----    ----
END OF MODULE INFORMATION.


C51 COMPILATION COMPLETE.  0 WARNING(S),  0 ERROR(S)
